{"C:\\Users\\dakson.cruz\\projetos\\nodejs-backend-challenge\\src\\app.js": {"path":"C:\\Users\\dakson.cruz\\projetos\\nodejs-backend-challenge\\src\\app.js","statementMap":{"0":{"start":{"line":1,"column":16},"end":{"line":1,"column":34}},"1":{"start":{"line":2,"column":18},"end":{"line":2,"column":47}},"2":{"start":{"line":3,"column":19},"end":{"line":3,"column":41}},"3":{"start":{"line":4,"column":20},"end":{"line":4,"column":49}},"4":{"start":{"line":5,"column":13},"end":{"line":5,"column":41}},"5":{"start":{"line":6,"column":20},"end":{"line":6,"column":49}},"6":{"start":{"line":7,"column":20},"end":{"line":7,"column":45}},"7":{"start":{"line":9,"column":12},"end":{"line":9,"column":21}},"8":{"start":{"line":10,"column":13},"end":{"line":10,"column":37}},"9":{"start":{"line":12,"column":0},"end":{"line":12,"column":27}},"10":{"start":{"line":13,"column":0},"end":{"line":13,"column":51}},"11":{"start":{"line":15,"column":0},"end":{"line":15,"column":35}},"12":{"start":{"line":16,"column":0},"end":{"line":16,"column":27}},"13":{"start":{"line":17,"column":0},"end":{"line":17,"column":35}},"14":{"start":{"line":19,"column":0},"end":{"line":25,"column":3}},"15":{"start":{"line":20,"column":2},"end":{"line":23,"column":3}},"16":{"start":{"line":21,"column":4},"end":{"line":21,"column":23}},"17":{"start":{"line":22,"column":4},"end":{"line":22,"column":78}},"18":{"start":{"line":24,"column":2},"end":{"line":24,"column":9}},"19":{"start":{"line":27,"column":0},"end":{"line":27,"column":68}},"20":{"start":{"line":29,"column":15},"end":{"line":31,"column":2}},"21":{"start":{"line":30,"column":2},"end":{"line":30,"column":57}},"22":{"start":{"line":33,"column":0},"end":{"line":33,"column":33}}},"fnMap":{"0":{"name":"(anonymous_0)","decl":{"start":{"line":19,"column":8},"end":{"line":19,"column":9}},"loc":{"start":{"line":19,"column":33},"end":{"line":25,"column":1}},"line":19},"1":{"name":"(anonymous_1)","decl":{"start":{"line":29,"column":32},"end":{"line":29,"column":33}},"loc":{"start":{"line":29,"column":38},"end":{"line":31,"column":1}},"line":29}},"branchMap":{"0":{"loc":{"start":{"line":10,"column":13},"end":{"line":10,"column":37}},"type":"binary-expr","locations":[{"start":{"line":10,"column":13},"end":{"line":10,"column":29}},{"start":{"line":10,"column":33},"end":{"line":10,"column":37}}],"line":10},"1":{"loc":{"start":{"line":20,"column":2},"end":{"line":23,"column":3}},"type":"if","locations":[{"start":{"line":20,"column":2},"end":{"line":23,"column":3}},{"start":{},"end":{}}],"line":20},"2":{"loc":{"start":{"line":20,"column":6},"end":{"line":20,"column":71}},"type":"binary-expr","locations":[{"start":{"line":20,"column":6},"end":{"line":20,"column":32}},{"start":{"line":20,"column":36},"end":{"line":20,"column":54}},{"start":{"line":20,"column":58},"end":{"line":20,"column":71}}],"line":20}},"s":{"0":8,"1":8,"2":8,"3":8,"4":8,"5":8,"6":8,"7":8,"8":8,"9":8,"10":8,"11":8,"12":8,"13":8,"14":8,"15":0,"16":0,"17":0,"18":0,"19":8,"20":8,"21":8,"22":8},"f":{"0":0,"1":8},"b":{"0":[8,0],"1":[0,0],"2":[0,0,0]},"_coverageSchema":"1a1c01bbd47fc00a2c39e90264f33305004495a9","hash":"11718343fc4244b4cfdbceb4aff32fde6a4fe5b4"}
,"C:\\Users\\dakson.cruz\\projetos\\nodejs-backend-challenge\\src\\controllers\\auth\\auth.controller.js": {"path":"C:\\Users\\dakson.cruz\\projetos\\nodejs-backend-challenge\\src\\controllers\\auth\\auth.controller.js","statementMap":{"0":{"start":{"line":1,"column":15},"end":{"line":1,"column":34}},"1":{"start":{"line":2,"column":25},"end":{"line":2,"column":50}},"2":{"start":{"line":3,"column":15},"end":{"line":3,"column":33}},"3":{"start":{"line":4,"column":30},"end":{"line":4,"column":68}},"4":{"start":{"line":7,"column":0},"end":{"line":29,"column":2}},"5":{"start":{"line":8,"column":30},"end":{"line":8,"column":38}},"6":{"start":{"line":10,"column":2},"end":{"line":28,"column":3}},"7":{"start":{"line":11,"column":17},"end":{"line":11,"column":67}},"8":{"start":{"line":12,"column":4},"end":{"line":14,"column":5}},"9":{"start":{"line":13,"column":6},"end":{"line":13,"column":70}},"10":{"start":{"line":16,"column":20},"end":{"line":16,"column":65}},"11":{"start":{"line":18,"column":4},"end":{"line":20,"column":5}},"12":{"start":{"line":19,"column":6},"end":{"line":19,"column":70}},"13":{"start":{"line":22,"column":18},"end":{"line":22,"column":41}},"14":{"start":{"line":24,"column":4},"end":{"line":24,"column":24}},"15":{"start":{"line":26,"column":4},"end":{"line":26,"column":41}},"16":{"start":{"line":27,"column":4},"end":{"line":27,"column":54}}},"fnMap":{"0":{"name":"(anonymous_0)","decl":{"start":{"line":7,"column":16},"end":{"line":7,"column":17}},"loc":{"start":{"line":7,"column":36},"end":{"line":29,"column":1}},"line":7}},"branchMap":{"0":{"loc":{"start":{"line":12,"column":4},"end":{"line":14,"column":5}},"type":"if","locations":[{"start":{"line":12,"column":4},"end":{"line":14,"column":5}},{"start":{},"end":{}}],"line":12},"1":{"loc":{"start":{"line":18,"column":4},"end":{"line":20,"column":5}},"type":"if","locations":[{"start":{"line":18,"column":4},"end":{"line":20,"column":5}},{"start":{},"end":{}}],"line":18}},"s":{"0":8,"1":8,"2":8,"3":8,"4":8,"5":1,"6":1,"7":1,"8":1,"9":0,"10":1,"11":1,"12":0,"13":1,"14":1,"15":0,"16":0},"f":{"0":1},"b":{"0":[0,1],"1":[0,1]},"_coverageSchema":"1a1c01bbd47fc00a2c39e90264f33305004495a9","hash":"de8aea047450c4b2b0128b5c5fc84828fdd195c1"}
,"C:\\Users\\dakson.cruz\\projetos\\nodejs-backend-challenge\\src\\controllers\\posts\\posts.controller.js": {"path":"C:\\Users\\dakson.cruz\\projetos\\nodejs-backend-challenge\\src\\controllers\\posts\\posts.controller.js","statementMap":{"0":{"start":{"line":1,"column":26},"end":{"line":1,"column":56}},"1":{"start":{"line":2,"column":25},"end":{"line":2,"column":50}},"2":{"start":{"line":4,"column":15},"end":{"line":4,"column":33}},"3":{"start":{"line":6,"column":0},"end":{"line":30,"column":2}},"4":{"start":{"line":7,"column":42},"end":{"line":7,"column":50}},"5":{"start":{"line":8,"column":21},"end":{"line":8,"column":35}},"6":{"start":{"line":10,"column":2},"end":{"line":29,"column":3}},"7":{"start":{"line":11,"column":27},"end":{"line":11,"column":84}},"8":{"start":{"line":12,"column":4},"end":{"line":14,"column":5}},"9":{"start":{"line":13,"column":6},"end":{"line":13,"column":67}},"10":{"start":{"line":16,"column":17},"end":{"line":23,"column":6}},"11":{"start":{"line":24,"column":4},"end":{"line":24,"column":37}},"12":{"start":{"line":25,"column":4},"end":{"line":25,"column":31}},"13":{"start":{"line":27,"column":4},"end":{"line":27,"column":49}},"14":{"start":{"line":28,"column":4},"end":{"line":28,"column":63}},"15":{"start":{"line":32,"column":0},"end":{"line":53,"column":2}},"16":{"start":{"line":33,"column":21},"end":{"line":33,"column":30}},"17":{"start":{"line":34,"column":68},"end":{"line":34,"column":92}},"18":{"start":{"line":36,"column":2},"end":{"line":52,"column":3}},"19":{"start":{"line":37,"column":17},"end":{"line":37,"column":72}},"20":{"start":{"line":38,"column":4},"end":{"line":40,"column":5}},"21":{"start":{"line":39,"column":6},"end":{"line":39,"column":65}},"22":{"start":{"line":42,"column":18},"end":{"line":47,"column":6}},"23":{"start":{"line":48,"column":4},"end":{"line":48,"column":20}},"24":{"start":{"line":50,"column":4},"end":{"line":50,"column":49}},"25":{"start":{"line":51,"column":4},"end":{"line":51,"column":62}},"26":{"start":{"line":55,"column":0},"end":{"line":78,"column":2}},"27":{"start":{"line":56,"column":21},"end":{"line":56,"column":30}},"28":{"start":{"line":57,"column":17},"end":{"line":57,"column":27}},"29":{"start":{"line":59,"column":2},"end":{"line":77,"column":3}},"30":{"start":{"line":60,"column":17},"end":{"line":60,"column":72}},"31":{"start":{"line":61,"column":4},"end":{"line":63,"column":5}},"32":{"start":{"line":62,"column":6},"end":{"line":62,"column":65}},"33":{"start":{"line":65,"column":17},"end":{"line":67,"column":6}},"34":{"start":{"line":68,"column":4},"end":{"line":73,"column":5}},"35":{"start":{"line":69,"column":6},"end":{"line":69,"column":39}},"36":{"start":{"line":70,"column":6},"end":{"line":70,"column":21}},"37":{"start":{"line":72,"column":6},"end":{"line":72,"column":58}},"38":{"start":{"line":75,"column":4},"end":{"line":75,"column":48}},"39":{"start":{"line":76,"column":4},"end":{"line":76,"column":60}},"40":{"start":{"line":80,"column":0},"end":{"line":113,"column":2}},"41":{"start":{"line":81,"column":21},"end":{"line":81,"column":30}},"42":{"start":{"line":82,"column":17},"end":{"line":82,"column":27}},"43":{"start":{"line":83,"column":32},"end":{"line":83,"column":40}},"44":{"start":{"line":84,"column":21},"end":{"line":84,"column":35}},"45":{"start":{"line":86,"column":2},"end":{"line":112,"column":3}},"46":{"start":{"line":87,"column":17},"end":{"line":87,"column":72}},"47":{"start":{"line":88,"column":4},"end":{"line":90,"column":5}},"48":{"start":{"line":89,"column":6},"end":{"line":89,"column":65}},"49":{"start":{"line":92,"column":25},"end":{"line":94,"column":6}},"50":{"start":{"line":95,"column":4},"end":{"line":97,"column":5}},"51":{"start":{"line":96,"column":6},"end":{"line":96,"column":65}},"52":{"start":{"line":99,"column":24},"end":{"line":106,"column":6}},"53":{"start":{"line":107,"column":4},"end":{"line":107,"column":51}},"54":{"start":{"line":108,"column":4},"end":{"line":108,"column":26}},"55":{"start":{"line":110,"column":4},"end":{"line":110,"column":49}},"56":{"start":{"line":111,"column":4},"end":{"line":111,"column":63}},"57":{"start":{"line":115,"column":0},"end":{"line":139,"column":2}},"58":{"start":{"line":116,"column":21},"end":{"line":116,"column":30}},"59":{"start":{"line":117,"column":17},"end":{"line":117,"column":27}},"60":{"start":{"line":119,"column":2},"end":{"line":138,"column":3}},"61":{"start":{"line":120,"column":17},"end":{"line":120,"column":72}},"62":{"start":{"line":121,"column":4},"end":{"line":123,"column":5}},"63":{"start":{"line":122,"column":6},"end":{"line":122,"column":65}},"64":{"start":{"line":125,"column":24},"end":{"line":127,"column":6}},"65":{"start":{"line":129,"column":4},"end":{"line":134,"column":5}},"66":{"start":{"line":130,"column":6},"end":{"line":130,"column":53}},"67":{"start":{"line":131,"column":6},"end":{"line":131,"column":28}},"68":{"start":{"line":133,"column":6},"end":{"line":133,"column":58}},"69":{"start":{"line":136,"column":4},"end":{"line":136,"column":49}},"70":{"start":{"line":137,"column":4},"end":{"line":137,"column":63}},"71":{"start":{"line":141,"column":0},"end":{"line":155,"column":2}},"72":{"start":{"line":142,"column":68},"end":{"line":142,"column":92}},"73":{"start":{"line":144,"column":2},"end":{"line":154,"column":3}},"74":{"start":{"line":145,"column":21},"end":{"line":149,"column":6}},"75":{"start":{"line":150,"column":4},"end":{"line":150,"column":23}},"76":{"start":{"line":152,"column":4},"end":{"line":152,"column":53}},"77":{"start":{"line":153,"column":4},"end":{"line":153,"column":66}}},"fnMap":{"0":{"name":"(anonymous_0)","decl":{"start":{"line":6,"column":21},"end":{"line":6,"column":22}},"loc":{"start":{"line":6,"column":41},"end":{"line":30,"column":1}},"line":6},"1":{"name":"(anonymous_1)","decl":{"start":{"line":32,"column":20},"end":{"line":32,"column":21}},"loc":{"start":{"line":32,"column":40},"end":{"line":53,"column":1}},"line":32},"2":{"name":"(anonymous_2)","decl":{"start":{"line":55,"column":22},"end":{"line":55,"column":23}},"loc":{"start":{"line":55,"column":42},"end":{"line":78,"column":1}},"line":55},"3":{"name":"(anonymous_3)","decl":{"start":{"line":80,"column":21},"end":{"line":80,"column":22}},"loc":{"start":{"line":80,"column":41},"end":{"line":113,"column":1}},"line":80},"4":{"name":"(anonymous_4)","decl":{"start":{"line":115,"column":21},"end":{"line":115,"column":22}},"loc":{"start":{"line":115,"column":41},"end":{"line":139,"column":1}},"line":115},"5":{"name":"(anonymous_5)","decl":{"start":{"line":141,"column":23},"end":{"line":141,"column":24}},"loc":{"start":{"line":141,"column":43},"end":{"line":155,"column":1}},"line":141}},"branchMap":{"0":{"loc":{"start":{"line":12,"column":4},"end":{"line":14,"column":5}},"type":"if","locations":[{"start":{"line":12,"column":4},"end":{"line":14,"column":5}},{"start":{},"end":{}}],"line":12},"1":{"loc":{"start":{"line":34,"column":32},"end":{"line":34,"column":48}},"type":"default-arg","locations":[{"start":{"line":34,"column":41},"end":{"line":34,"column":48}}],"line":34},"2":{"loc":{"start":{"line":34,"column":50},"end":{"line":34,"column":63}},"type":"default-arg","locations":[{"start":{"line":34,"column":58},"end":{"line":34,"column":63}}],"line":34},"3":{"loc":{"start":{"line":38,"column":4},"end":{"line":40,"column":5}},"type":"if","locations":[{"start":{"line":38,"column":4},"end":{"line":40,"column":5}},{"start":{},"end":{}}],"line":38},"4":{"loc":{"start":{"line":61,"column":4},"end":{"line":63,"column":5}},"type":"if","locations":[{"start":{"line":61,"column":4},"end":{"line":63,"column":5}},{"start":{},"end":{}}],"line":61},"5":{"loc":{"start":{"line":68,"column":4},"end":{"line":73,"column":5}},"type":"if","locations":[{"start":{"line":68,"column":4},"end":{"line":73,"column":5}},{"start":{"line":71,"column":11},"end":{"line":73,"column":5}}],"line":68},"6":{"loc":{"start":{"line":88,"column":4},"end":{"line":90,"column":5}},"type":"if","locations":[{"start":{"line":88,"column":4},"end":{"line":90,"column":5}},{"start":{},"end":{}}],"line":88},"7":{"loc":{"start":{"line":95,"column":4},"end":{"line":97,"column":5}},"type":"if","locations":[{"start":{"line":95,"column":4},"end":{"line":97,"column":5}},{"start":{},"end":{}}],"line":95},"8":{"loc":{"start":{"line":121,"column":4},"end":{"line":123,"column":5}},"type":"if","locations":[{"start":{"line":121,"column":4},"end":{"line":123,"column":5}},{"start":{},"end":{}}],"line":121},"9":{"loc":{"start":{"line":129,"column":4},"end":{"line":134,"column":5}},"type":"if","locations":[{"start":{"line":129,"column":4},"end":{"line":134,"column":5}},{"start":{"line":132,"column":11},"end":{"line":134,"column":5}}],"line":129},"10":{"loc":{"start":{"line":142,"column":32},"end":{"line":142,"column":48}},"type":"default-arg","locations":[{"start":{"line":142,"column":41},"end":{"line":142,"column":48}}],"line":142},"11":{"loc":{"start":{"line":142,"column":50},"end":{"line":142,"column":63}},"type":"default-arg","locations":[{"start":{"line":142,"column":58},"end":{"line":142,"column":63}}],"line":142}},"s":{"0":8,"1":8,"2":8,"3":8,"4":1,"5":1,"6":1,"7":1,"8":1,"9":0,"10":1,"11":1,"12":1,"13":0,"14":0,"15":8,"16":1,"17":1,"18":1,"19":1,"20":1,"21":0,"22":1,"23":1,"24":0,"25":0,"26":8,"27":3,"28":3,"29":3,"30":3,"31":3,"32":1,"33":2,"34":2,"35":1,"36":1,"37":1,"38":0,"39":0,"40":8,"41":1,"42":1,"43":1,"44":1,"45":1,"46":1,"47":1,"48":0,"49":1,"50":1,"51":0,"52":1,"53":1,"54":1,"55":0,"56":0,"57":8,"58":1,"59":1,"60":1,"61":1,"62":1,"63":0,"64":1,"65":1,"66":1,"67":1,"68":0,"69":0,"70":0,"71":8,"72":1,"73":1,"74":1,"75":1,"76":0,"77":0},"f":{"0":1,"1":1,"2":3,"3":1,"4":1,"5":1},"b":{"0":[0,1],"1":[1],"2":[1],"3":[0,1],"4":[1,2],"5":[1,1],"6":[0,1],"7":[0,1],"8":[0,1],"9":[1,0],"10":[1],"11":[1]},"_coverageSchema":"1a1c01bbd47fc00a2c39e90264f33305004495a9","hash":"8532ae797d3657e94df6e11d3b0fd17792b95527"}
,"C:\\Users\\dakson.cruz\\projetos\\nodejs-backend-challenge\\src\\controllers\\users\\users.controler.js": {"path":"C:\\Users\\dakson.cruz\\projetos\\nodejs-backend-challenge\\src\\controllers\\users\\users.controler.js","statementMap":{"0":{"start":{"line":1,"column":15},"end":{"line":1,"column":34}},"1":{"start":{"line":2,"column":25},"end":{"line":2,"column":50}},"2":{"start":{"line":3,"column":23},"end":{"line":3,"column":38}},"3":{"start":{"line":4,"column":15},"end":{"line":4,"column":33}},"4":{"start":{"line":6,"column":0},"end":{"line":31,"column":2}},"5":{"start":{"line":7,"column":36},"end":{"line":7,"column":44}},"6":{"start":{"line":8,"column":2},"end":{"line":30,"column":3}},"7":{"start":{"line":9,"column":27},"end":{"line":9,"column":58}},"8":{"start":{"line":11,"column":17},"end":{"line":18,"column":6}},"9":{"start":{"line":20,"column":25},"end":{"line":24,"column":5}},"10":{"start":{"line":26,"column":4},"end":{"line":26,"column":39}},"11":{"start":{"line":28,"column":4},"end":{"line":28,"column":49}},"12":{"start":{"line":29,"column":4},"end":{"line":29,"column":63}}},"fnMap":{"0":{"name":"(anonymous_0)","decl":{"start":{"line":6,"column":21},"end":{"line":6,"column":22}},"loc":{"start":{"line":6,"column":41},"end":{"line":31,"column":1}},"line":6}},"branchMap":{},"s":{"0":8,"1":8,"2":8,"3":8,"4":8,"5":1,"6":1,"7":1,"8":1,"9":1,"10":1,"11":0,"12":0},"f":{"0":1},"b":{},"_coverageSchema":"1a1c01bbd47fc00a2c39e90264f33305004495a9","hash":"852692c02bfdd17d1aa6539eddedca21673242de"}
,"C:\\Users\\dakson.cruz\\projetos\\nodejs-backend-challenge\\src\\helpers\\utils.js": {"path":"C:\\Users\\dakson.cruz\\projetos\\nodejs-backend-challenge\\src\\helpers\\utils.js","statementMap":{"0":{"start":{"line":1,"column":0},"end":{"line":7,"column":2}},"1":{"start":{"line":2,"column":15},"end":{"line":2,"column":44}},"2":{"start":{"line":3,"column":16},"end":{"line":3,"column":47}},"3":{"start":{"line":4,"column":21},"end":{"line":4,"column":39}},"4":{"start":{"line":5,"column":19},"end":{"line":5,"column":31}},"5":{"start":{"line":6,"column":2},"end":{"line":6,"column":47}}},"fnMap":{"0":{"name":"(anonymous_0)","decl":{"start":{"line":1,"column":24},"end":{"line":1,"column":25}},"loc":{"start":{"line":1,"column":35},"end":{"line":7,"column":1}},"line":1}},"branchMap":{"0":{"loc":{"start":{"line":2,"column":15},"end":{"line":2,"column":44}},"type":"binary-expr","locations":[{"start":{"line":2,"column":15},"end":{"line":2,"column":39}},{"start":{"line":2,"column":43},"end":{"line":2,"column":44}}],"line":2},"1":{"loc":{"start":{"line":3,"column":16},"end":{"line":3,"column":47}},"type":"binary-expr","locations":[{"start":{"line":3,"column":16},"end":{"line":3,"column":41}},{"start":{"line":3,"column":45},"end":{"line":3,"column":47}}],"line":3}},"s":{"0":8,"1":2,"2":2,"3":2,"4":2,"5":2},"f":{"0":2},"b":{"0":[2,2],"1":[2,2]},"_coverageSchema":"1a1c01bbd47fc00a2c39e90264f33305004495a9","hash":"4c70c1e3c8cadb659bc127a0981bc556f412b27e"}
,"C:\\Users\\dakson.cruz\\projetos\\nodejs-backend-challenge\\src\\middlewares\\authMiddleware.js": {"path":"C:\\Users\\dakson.cruz\\projetos\\nodejs-backend-challenge\\src\\middlewares\\authMiddleware.js","statementMap":{"0":{"start":{"line":1,"column":12},"end":{"line":1,"column":35}},"1":{"start":{"line":2,"column":25},"end":{"line":2,"column":50}},"2":{"start":{"line":3,"column":15},"end":{"line":3,"column":33}},"3":{"start":{"line":4,"column":0},"end":{"line":4,"column":27}},"4":{"start":{"line":6,"column":23},"end":{"line":28,"column":1}},"5":{"start":{"line":7,"column":22},"end":{"line":7,"column":49}},"6":{"start":{"line":8,"column":16},"end":{"line":8,"column":56}},"7":{"start":{"line":10,"column":2},"end":{"line":12,"column":3}},"8":{"start":{"line":11,"column":4},"end":{"line":11,"column":80}},"9":{"start":{"line":14,"column":2},"end":{"line":27,"column":3}},"10":{"start":{"line":15,"column":20},"end":{"line":15,"column":57}},"11":{"start":{"line":16,"column":17},"end":{"line":16,"column":76}},"12":{"start":{"line":18,"column":4},"end":{"line":20,"column":5}},"13":{"start":{"line":19,"column":6},"end":{"line":19,"column":63}},"14":{"start":{"line":22,"column":4},"end":{"line":22,"column":20}},"15":{"start":{"line":23,"column":4},"end":{"line":23,"column":11}},"16":{"start":{"line":25,"column":4},"end":{"line":25,"column":50}},"17":{"start":{"line":26,"column":4},"end":{"line":26,"column":61}},"18":{"start":{"line":30,"column":0},"end":{"line":30,"column":32}}},"fnMap":{"0":{"name":"(anonymous_0)","decl":{"start":{"line":6,"column":23},"end":{"line":6,"column":24}},"loc":{"start":{"line":6,"column":49},"end":{"line":28,"column":1}},"line":6}},"branchMap":{"0":{"loc":{"start":{"line":8,"column":16},"end":{"line":8,"column":56}},"type":"binary-expr","locations":[{"start":{"line":8,"column":16},"end":{"line":8,"column":27}},{"start":{"line":8,"column":31},"end":{"line":8,"column":56}}],"line":8},"1":{"loc":{"start":{"line":10,"column":2},"end":{"line":12,"column":3}},"type":"if","locations":[{"start":{"line":10,"column":2},"end":{"line":12,"column":3}},{"start":{},"end":{}}],"line":10},"2":{"loc":{"start":{"line":18,"column":4},"end":{"line":20,"column":5}},"type":"if","locations":[{"start":{"line":18,"column":4},"end":{"line":20,"column":5}},{"start":{},"end":{}}],"line":18}},"s":{"0":8,"1":8,"2":8,"3":8,"4":8,"5":7,"6":7,"7":7,"8":0,"9":7,"10":7,"11":7,"12":7,"13":0,"14":7,"15":7,"16":0,"17":0,"18":8},"f":{"0":7},"b":{"0":[7,7],"1":[0,7],"2":[0,7]},"_coverageSchema":"1a1c01bbd47fc00a2c39e90264f33305004495a9","hash":"22155c4714c873b766926c111092c3d674e25344"}
,"C:\\Users\\dakson.cruz\\projetos\\nodejs-backend-challenge\\src\\routes\\api\\auth.js": {"path":"C:\\Users\\dakson.cruz\\projetos\\nodejs-backend-challenge\\src\\routes\\api\\auth.js","statementMap":{"0":{"start":{"line":1,"column":16},"end":{"line":1,"column":34}},"1":{"start":{"line":2,"column":15},"end":{"line":2,"column":31}},"2":{"start":{"line":3,"column":23},"end":{"line":3,"column":72}},"3":{"start":{"line":5,"column":0},"end":{"line":5,"column":44}},"4":{"start":{"line":7,"column":0},"end":{"line":7,"column":24}}},"fnMap":{},"branchMap":{},"s":{"0":8,"1":8,"2":8,"3":8,"4":8},"f":{},"b":{},"_coverageSchema":"1a1c01bbd47fc00a2c39e90264f33305004495a9","hash":"04c51a03ba23db5099f810bc8a2433a4d87e8dca"}
,"C:\\Users\\dakson.cruz\\projetos\\nodejs-backend-challenge\\src\\routes\\api\\posts.js": {"path":"C:\\Users\\dakson.cruz\\projetos\\nodejs-backend-challenge\\src\\routes\\api\\posts.js","statementMap":{"0":{"start":{"line":1,"column":16},"end":{"line":1,"column":34}},"1":{"start":{"line":2,"column":15},"end":{"line":2,"column":31}},"2":{"start":{"line":3,"column":24},"end":{"line":3,"column":75}},"3":{"start":{"line":4,"column":23},"end":{"line":4,"column":66}},"4":{"start":{"line":6,"column":0},"end":{"line":6,"column":49}},"5":{"start":{"line":8,"column":0},"end":{"line":8,"column":61}},"6":{"start":{"line":10,"column":0},"end":{"line":10,"column":59}},"7":{"start":{"line":12,"column":0},"end":{"line":12,"column":64}},"8":{"start":{"line":14,"column":0},"end":{"line":14,"column":63}},"9":{"start":{"line":16,"column":0},"end":{"line":16,"column":66}},"10":{"start":{"line":19,"column":0},"end":{"line":19,"column":24}}},"fnMap":{},"branchMap":{},"s":{"0":8,"1":8,"2":8,"3":8,"4":8,"5":8,"6":8,"7":8,"8":8,"9":8,"10":8},"f":{},"b":{},"_coverageSchema":"1a1c01bbd47fc00a2c39e90264f33305004495a9","hash":"080cda34efeb01da3e730a610792e13cdaca12cf"}
,"C:\\Users\\dakson.cruz\\projetos\\nodejs-backend-challenge\\src\\routes\\api\\users.js": {"path":"C:\\Users\\dakson.cruz\\projetos\\nodejs-backend-challenge\\src\\routes\\api\\users.js","statementMap":{"0":{"start":{"line":1,"column":16},"end":{"line":1,"column":34}},"1":{"start":{"line":2,"column":15},"end":{"line":2,"column":31}},"2":{"start":{"line":3,"column":24},"end":{"line":3,"column":74}},"3":{"start":{"line":5,"column":0},"end":{"line":5,"column":45}},"4":{"start":{"line":7,"column":0},"end":{"line":7,"column":24}}},"fnMap":{},"branchMap":{},"s":{"0":8,"1":8,"2":8,"3":8,"4":8},"f":{},"b":{},"_coverageSchema":"1a1c01bbd47fc00a2c39e90264f33305004495a9","hash":"5c734d407fea4aa19ea18351979efca471ab0d75"}
,"C:\\Users\\dakson.cruz\\projetos\\nodejs-backend-challenge\\src\\services\\auth.service.js": {"path":"C:\\Users\\dakson.cruz\\projetos\\nodejs-backend-challenge\\src\\services\\auth.service.js","statementMap":{"0":{"start":{"line":1,"column":12},"end":{"line":1,"column":35}},"1":{"start":{"line":2,"column":0},"end":{"line":2,"column":27}},"2":{"start":{"line":4,"column":26},"end":{"line":8,"column":1}},"3":{"start":{"line":5,"column":16},"end":{"line":5,"column":83}},"4":{"start":{"line":7,"column":2},"end":{"line":7,"column":15}},"5":{"start":{"line":10,"column":0},"end":{"line":10,"column":39}}},"fnMap":{"0":{"name":"(anonymous_0)","decl":{"start":{"line":4,"column":26},"end":{"line":4,"column":27}},"loc":{"start":{"line":4,"column":36},"end":{"line":8,"column":1}},"line":4}},"branchMap":{},"s":{"0":8,"1":8,"2":8,"3":1,"4":1,"5":8},"f":{"0":1},"b":{},"_coverageSchema":"1a1c01bbd47fc00a2c39e90264f33305004495a9","hash":"7fe89fad4742aa122efff042acb11ab0f5fc5d31"}
}
