TN:
SF:src\app.js
FN:19,(anonymous_0)
FN:29,(anonymous_1)
FNF:2
FNH:1
FNDA:0,(anonymous_0)
FNDA:8,(anonymous_1)
DA:1,8
DA:2,8
DA:3,8
DA:4,8
DA:5,8
DA:6,8
DA:7,8
DA:9,8
DA:10,8
DA:12,8
DA:13,8
DA:15,8
DA:16,8
DA:17,8
DA:19,8
DA:20,0
DA:21,0
DA:22,0
DA:24,0
DA:27,8
DA:29,8
DA:30,8
DA:33,8
LF:23
LH:19
BRDA:10,0,0,8
BRDA:10,0,1,0
BRDA:20,1,0,0
BRDA:20,1,1,0
BRDA:20,2,0,0
BRDA:20,2,1,0
BRDA:20,2,2,0
BRF:7
BRH:1
end_of_record
TN:
SF:src\controllers\auth\auth.controller.js
FN:7,(anonymous_0)
FNF:1
FNH:1
FNDA:1,(anonymous_0)
DA:1,8
DA:2,8
DA:3,8
DA:4,8
DA:7,8
DA:8,1
DA:10,1
DA:11,1
DA:12,1
DA:13,0
DA:16,1
DA:18,1
DA:19,0
DA:22,1
DA:24,1
DA:26,0
DA:27,0
LF:17
LH:13
BRDA:12,0,0,0
BRDA:12,0,1,1
BRDA:18,1,0,0
BRDA:18,1,1,1
BRF:4
BRH:2
end_of_record
TN:
SF:src\controllers\posts\posts.controller.js
FN:6,(anonymous_0)
FN:32,(anonymous_1)
FN:55,(anonymous_2)
FN:80,(anonymous_3)
FN:115,(anonymous_4)
FN:141,(anonymous_5)
FNF:6
FNH:6
FNDA:1,(anonymous_0)
FNDA:1,(anonymous_1)
FNDA:3,(anonymous_2)
FNDA:1,(anonymous_3)
FNDA:1,(anonymous_4)
FNDA:1,(anonymous_5)
DA:1,8
DA:2,8
DA:4,8
DA:6,8
DA:7,1
DA:8,1
DA:10,1
DA:11,1
DA:12,1
DA:13,0
DA:16,1
DA:24,1
DA:25,1
DA:27,0
DA:28,0
DA:32,8
DA:33,1
DA:34,1
DA:36,1
DA:37,1
DA:38,1
DA:39,0
DA:42,1
DA:48,1
DA:50,0
DA:51,0
DA:55,8
DA:56,3
DA:57,3
DA:59,3
DA:60,3
DA:61,3
DA:62,1
DA:65,2
DA:68,2
DA:69,1
DA:70,1
DA:72,1
DA:75,0
DA:76,0
DA:80,8
DA:81,1
DA:82,1
DA:83,1
DA:84,1
DA:86,1
DA:87,1
DA:88,1
DA:89,0
DA:92,1
DA:95,1
DA:96,0
DA:99,1
DA:107,1
DA:108,1
DA:110,0
DA:111,0
DA:115,8
DA:116,1
DA:117,1
DA:119,1
DA:120,1
DA:121,1
DA:122,0
DA:125,1
DA:129,1
DA:130,1
DA:131,1
DA:133,0
DA:136,0
DA:137,0
DA:141,8
DA:142,1
DA:144,1
DA:145,1
DA:150,1
DA:152,0
DA:153,0
LF:78
LH:60
BRDA:12,0,0,0
BRDA:12,0,1,1
BRDA:34,1,0,1
BRDA:34,2,0,1
BRDA:38,3,0,0
BRDA:38,3,1,1
BRDA:61,4,0,1
BRDA:61,4,1,2
BRDA:68,5,0,1
BRDA:68,5,1,1
BRDA:88,6,0,0
BRDA:88,6,1,1
BRDA:95,7,0,0
BRDA:95,7,1,1
BRDA:121,8,0,0
BRDA:121,8,1,1
BRDA:129,9,0,1
BRDA:129,9,1,0
BRDA:142,10,0,1
BRDA:142,11,0,1
BRF:20
BRH:14
end_of_record
TN:
SF:src\controllers\users\users.controler.js
FN:6,(anonymous_0)
FNF:1
FNH:1
FNDA:1,(anonymous_0)
DA:1,8
DA:2,8
DA:3,8
DA:4,8
DA:6,8
DA:7,1
DA:8,1
DA:9,1
DA:11,1
DA:20,1
DA:26,1
DA:28,0
DA:29,0
LF:13
LH:11
BRF:0
BRH:0
end_of_record
TN:
SF:src\helpers\utils.js
FN:1,(anonymous_0)
FNF:1
FNH:1
FNDA:2,(anonymous_0)
DA:1,8
DA:2,2
DA:3,2
DA:4,2
DA:5,2
DA:6,2
LF:6
LH:6
BRDA:2,0,0,2
BRDA:2,0,1,2
BRDA:3,1,0,2
BRDA:3,1,1,2
BRF:4
BRH:4
end_of_record
TN:
SF:src\middlewares\authMiddleware.js
FN:6,(anonymous_0)
FNF:1
FNH:1
FNDA:7,(anonymous_0)
DA:1,8
DA:2,8
DA:3,8
DA:4,8
DA:6,8
DA:7,7
DA:8,7
DA:10,7
DA:11,0
DA:14,7
DA:15,7
DA:16,7
DA:18,7
DA:19,0
DA:22,7
DA:23,7
DA:25,0
DA:26,0
DA:30,8
LF:19
LH:15
BRDA:8,0,0,7
BRDA:8,0,1,7
BRDA:10,1,0,0
BRDA:10,1,1,7
BRDA:18,2,0,0
BRDA:18,2,1,7
BRF:6
BRH:4
end_of_record
TN:
SF:src\routes\api\auth.js
FNF:0
FNH:0
DA:1,8
DA:2,8
DA:3,8
DA:5,8
DA:7,8
LF:5
LH:5
BRF:0
BRH:0
end_of_record
TN:
SF:src\routes\api\posts.js
FNF:0
FNH:0
DA:1,8
DA:2,8
DA:3,8
DA:4,8
DA:6,8
DA:8,8
DA:10,8
DA:12,8
DA:14,8
DA:16,8
DA:19,8
LF:11
LH:11
BRF:0
BRH:0
end_of_record
TN:
SF:src\routes\api\users.js
FNF:0
FNH:0
DA:1,8
DA:2,8
DA:3,8
DA:5,8
DA:7,8
LF:5
LH:5
BRF:0
BRH:0
end_of_record
TN:
SF:src\services\auth.service.js
FN:4,(anonymous_0)
FNF:1
FNH:1
FNDA:1,(anonymous_0)
DA:1,8
DA:2,8
DA:4,8
DA:5,1
DA:7,1
DA:10,8
LF:6
LH:6
BRF:0
BRH:0
end_of_record
